<?xml version="1.0" encoding="UTF-8"?>
<!-- Generated by org.testng.reporters.JUnitXMLReporter -->
<testsuite hostname="CBT-2F-301" ignored="1" name="IETest" tests="1" failures="0" timestamp="2020-10-30T12:07:55 IST" time="86.095" errors="0">
  <testcase name="verifyVersion" time="0.578" classname="Com_ActiTime_Test.VerifyversionTest"/>
  <testcase name="invalidLogin" time="0.0" classname="Com_ActiTime_Test.InvalidLoginTest">
    <ignored/>
  </testcase> <!-- invalidLogin -->
</testsuite> <!-- IETest -->
