<?xml version="1.0" encoding="UTF-8"?>
<testng-results skipped="0" failed="0" ignored="2" total="6" passed="4">
  <reporter-output>
    <line>
      <![CDATA[Title is matching and matching title actiTIME - Login]]>
    </line>
    <line>
      <![CDATA[Title is matching and matching title actiTIME - Login]]>
    </line>
    <line>
      <![CDATA[Title is matching and matching title actiTIME - Login]]>
    </line>
    <line>
      <![CDATA[Title is matching and matching title actiTIME - Enter Time-Track]]>
    </line>
    <line>
      <![CDATA[Title is matching and matching title actiTIME - Enter Time-Track]]>
    </line>
    <line>
      <![CDATA[Title is matching and matching title actiTIME - Login]]>
    </line>
    <line>
      <![CDATA[Title is matching and matching title actiTIME - Enter Time-Track]]>
    </line>
    <line>
      <![CDATA[Title is matching and matching title actiTIME - Login]]>
    </line>
    <line>
      <![CDATA[Element is present...]]>
    </line>
    <line>
      <![CDATA[Application version=actiTIME 2020 Online]]>
    </line>
    <line>
      <![CDATA[Title is matching and matching title actiTIME - Login]]>
    </line>
    <line>
      <![CDATA[Title is matching and matching title actiTIME - Login]]>
    </line>
    <line>
      <![CDATA[Element is present...]]>
    </line>
    <line>
      <![CDATA[Application version=actiTIME 2020 Online]]>
    </line>
    <line>
      <![CDATA[Title is matching and matching title actiTIME - Login]]>
    </line>
    <line>
      <![CDATA[Element is present...]]>
    </line>
    <line>
      <![CDATA[Application version=actiTIME 2020 Online]]>
    </line>
  </reporter-output>
  <suite name="Suite" duration-ms="86095" started-at="2020-10-30T12:06:29 IST" finished-at="2020-10-30T12:07:55 IST">
    <groups>
    </groups>
    <test name="ChromeTest" duration-ms="82009" started-at="2020-10-30T12:06:29 IST" finished-at="2020-10-30T12:07:51 IST">
      <class name="Com_ActiTime_Test.VerifyversionTest">
        <test-method status="PASS" signature="precondition(java.lang.String, java.lang.String, java.lang.String)[pri:0, instance:Com_ActiTime_Test.VerifyversionTest@5afa04c]" name="precondition" is-config="true" duration-ms="36763" started-at="2020-10-30T12:07:14 IST" finished-at="2020-10-30T12:07:50 IST">
          <params>
            <param index="0">
              <value>
                <![CDATA[http://localhost:4444/wd/hub]]>
              </value>
            </param>
            <param index="1">
              <value>
                <![CDATA[chrome]]>
              </value>
            </param>
            <param index="2">
              <value>
                <![CDATA[https://demo.actitime.com]]>
              </value>
            </param>
          </params>
          <reporter-output>
          </reporter-output>
        </test-method> <!-- precondition -->
        <test-method status="PASS" signature="verifyVersion()[pri:3, instance:Com_ActiTime_Test.VerifyversionTest@5afa04c]" name="verifyVersion" duration-ms="220" started-at="2020-10-30T12:07:50 IST" finished-at="2020-10-30T12:07:51 IST">
          <reporter-output>
            <line>
              <![CDATA[Title is matching and matching title actiTIME - Login]]>
            </line>
            <line>
              <![CDATA[Element is present...]]>
            </line>
            <line>
              <![CDATA[Application version=actiTIME 2020 Online]]>
            </line>
          </reporter-output>
        </test-method> <!-- verifyVersion -->
        <test-method status="PASS" signature="postcondition(org.testng.ITestResult)[pri:0, instance:Com_ActiTime_Test.VerifyversionTest@5afa04c]" name="postcondition" is-config="true" duration-ms="147" started-at="2020-10-30T12:07:51 IST" finished-at="2020-10-30T12:07:51 IST">
          <params>
            <param index="0">
              <value>
                <![CDATA[[TestResult name=verifyVersion status=SUCCESS method=VerifyversionTest.verifyVersion()[pri:3, instance:Com_ActiTime_Test.VerifyversionTest@5afa04c] output=Title is matching and matching title actiTIME - Login]]]>
              </value>
            </param>
          </params>
          <reporter-output>
          </reporter-output>
        </test-method> <!-- postcondition -->
      </class> <!-- Com_ActiTime_Test.VerifyversionTest -->
      <class name="Com_ActiTime_Test.validLoginLogoutTest">
        <test-method status="PASS" signature="precondition(java.lang.String, java.lang.String, java.lang.String)[pri:0, instance:Com_ActiTime_Test.validLoginLogoutTest@458ad742]" name="precondition" is-config="true" duration-ms="36162" started-at="2020-10-30T12:06:29 IST" finished-at="2020-10-30T12:07:05 IST">
          <params>
            <param index="0">
              <value>
                <![CDATA[http://localhost:4444/wd/hub]]>
              </value>
            </param>
            <param index="1">
              <value>
                <![CDATA[chrome]]>
              </value>
            </param>
            <param index="2">
              <value>
                <![CDATA[https://demo.actitime.com]]>
              </value>
            </param>
          </params>
          <reporter-output>
          </reporter-output>
        </test-method> <!-- precondition -->
        <test-method status="PASS" signature="validLoginLogout()[pri:1, instance:Com_ActiTime_Test.validLoginLogoutTest@458ad742]" name="validLoginLogout" duration-ms="8634" started-at="2020-10-30T12:07:05 IST" finished-at="2020-10-30T12:07:14 IST">
          <reporter-output>
            <line>
              <![CDATA[Title is matching and matching title actiTIME - Login]]>
            </line>
            <line>
              <![CDATA[Title is matching and matching title actiTIME - Enter Time-Track]]>
            </line>
            <line>
              <![CDATA[Title is matching and matching title actiTIME - Login]]>
            </line>
          </reporter-output>
        </test-method> <!-- validLoginLogout -->
        <test-method status="PASS" signature="postcondition(org.testng.ITestResult)[pri:0, instance:Com_ActiTime_Test.validLoginLogoutTest@458ad742]" name="postcondition" is-config="true" duration-ms="49" started-at="2020-10-30T12:07:14 IST" finished-at="2020-10-30T12:07:14 IST">
          <params>
            <param index="0">
              <value>
                <![CDATA[[TestResult name=validLoginLogout status=SUCCESS method=validLoginLogoutTest.validLoginLogout()[pri:1, instance:Com_ActiTime_Test.validLoginLogoutTest@458ad742] output=Title is matching and matching title actiTIME - Login]]]>
              </value>
            </param>
          </params>
          <reporter-output>
          </reporter-output>
        </test-method> <!-- postcondition -->
      </class> <!-- Com_ActiTime_Test.validLoginLogoutTest -->
    </test> <!-- ChromeTest -->
    <test name="IETest" duration-ms="86095" started-at="2020-10-30T12:06:29 IST" finished-at="2020-10-30T12:07:55 IST">
      <class name="Com_ActiTime_Test.VerifyversionTest">
        <test-method status="PASS" signature="precondition(java.lang.String, java.lang.String, java.lang.String)[pri:0, instance:Com_ActiTime_Test.VerifyversionTest@58651fd0]" name="precondition" is-config="true" duration-ms="5348" started-at="2020-10-30T12:07:49 IST" finished-at="2020-10-30T12:07:54 IST">
          <params>
            <param index="0">
              <value>
                <![CDATA[http://localhost:4444/wd/hub]]>
              </value>
            </param>
            <param index="1">
              <value>
                <![CDATA[internet explorer]]>
              </value>
            </param>
            <param index="2">
              <value>
                <![CDATA[https://demo.actitime.com]]>
              </value>
            </param>
          </params>
          <reporter-output>
          </reporter-output>
        </test-method> <!-- precondition -->
        <test-method status="PASS" signature="verifyVersion()[pri:3, instance:Com_ActiTime_Test.VerifyversionTest@58651fd0]" name="verifyVersion" duration-ms="578" started-at="2020-10-30T12:07:54 IST" finished-at="2020-10-30T12:07:55 IST">
          <reporter-output>
            <line>
              <![CDATA[Title is matching and matching title actiTIME - Login]]>
            </line>
            <line>
              <![CDATA[Element is present...]]>
            </line>
            <line>
              <![CDATA[Application version=actiTIME 2020 Online]]>
            </line>
          </reporter-output>
        </test-method> <!-- verifyVersion -->
        <test-method status="PASS" signature="postcondition(org.testng.ITestResult)[pri:0, instance:Com_ActiTime_Test.VerifyversionTest@58651fd0]" name="postcondition" is-config="true" duration-ms="31" started-at="2020-10-30T12:07:55 IST" finished-at="2020-10-30T12:07:55 IST">
          <params>
            <param index="0">
              <value>
                <![CDATA[[TestResult name=verifyVersion status=SUCCESS method=VerifyversionTest.verifyVersion()[pri:3, instance:Com_ActiTime_Test.VerifyversionTest@58651fd0] output=Title is matching and matching title actiTIME - Login]]]>
              </value>
            </param>
          </params>
          <reporter-output>
          </reporter-output>
        </test-method> <!-- postcondition -->
      </class> <!-- Com_ActiTime_Test.VerifyversionTest -->
      <class name="Com_ActiTime_Test.validLoginLogoutTest">
        <test-method status="PASS" signature="precondition(java.lang.String, java.lang.String, java.lang.String)[pri:0, instance:Com_ActiTime_Test.validLoginLogoutTest@735b5592]" name="precondition" is-config="true" duration-ms="6393" started-at="2020-10-30T12:06:29 IST" finished-at="2020-10-30T12:06:35 IST">
          <params>
            <param index="0">
              <value>
                <![CDATA[http://localhost:4444/wd/hub]]>
              </value>
            </param>
            <param index="1">
              <value>
                <![CDATA[internet explorer]]>
              </value>
            </param>
            <param index="2">
              <value>
                <![CDATA[https://demo.actitime.com]]>
              </value>
            </param>
          </params>
          <reporter-output>
          </reporter-output>
        </test-method> <!-- precondition -->
        <test-method status="PASS" signature="validLoginLogout()[pri:1, instance:Com_ActiTime_Test.validLoginLogoutTest@735b5592]" name="validLoginLogout" duration-ms="73697" started-at="2020-10-30T12:06:35 IST" finished-at="2020-10-30T12:07:49 IST">
          <reporter-output>
            <line>
              <![CDATA[Title is matching and matching title actiTIME - Login]]>
            </line>
            <line>
              <![CDATA[Title is matching and matching title actiTIME - Enter Time-Track]]>
            </line>
            <line>
              <![CDATA[Title is matching and matching title actiTIME - Login]]>
            </line>
          </reporter-output>
        </test-method> <!-- validLoginLogout -->
        <test-method status="PASS" signature="postcondition(org.testng.ITestResult)[pri:0, instance:Com_ActiTime_Test.validLoginLogoutTest@735b5592]" name="postcondition" is-config="true" duration-ms="16" started-at="2020-10-30T12:07:49 IST" finished-at="2020-10-30T12:07:49 IST">
          <params>
            <param index="0">
              <value>
                <![CDATA[[TestResult name=validLoginLogout status=SUCCESS method=validLoginLogoutTest.validLoginLogout()[pri:1, instance:Com_ActiTime_Test.validLoginLogoutTest@735b5592] output=Title is matching and matching title actiTIME - Login]]]>
              </value>
            </param>
          </params>
          <reporter-output>
          </reporter-output>
        </test-method> <!-- postcondition -->
      </class> <!-- Com_ActiTime_Test.validLoginLogoutTest -->
    </test> <!-- IETest -->
  </suite> <!-- Suite -->
</testng-results>
